<?xml version="1.0" encoding="UTF-8"?>
<testsuite xmlns:xsi="http://www.w3.org/2001/XMLSchema-instance" xsi:noNamespaceSchemaLocation="https://maven.apache.org/surefire/maven-surefire-plugin/xsd/surefire-test-report.xsd" name="neuralnetworktest.NeuralNetworkTest" time="0.021" tests="1" errors="1" skipped="0" failures="0">
  <properties>
[...]
</properties>
  <testcase name="testLearning" classname="neuralnetworktest.NeuralNetworkTest" time="0.019">
    <error message="Index -1 out of bounds for length 3" type="java.lang.IndexOutOfBoundsException">java.lang.IndexOutOfBoundsException: Index -1 out of bounds for length 3
	at neuralnetworktest.NeuralNetworkTest.testLearning(NeuralNetworkTest.java:37)
</error>
  </testcase>
</testsuite>